#-----------------------------------------------------------
# Vivado v2016.2 (64-bit)
# SW Build 1577090 on Thu Jun  2 16:32:40 MDT 2016
# IP Build 1577682 on Fri Jun  3 12:00:54 MDT 2016
# Start of session at: Thu Mar 24 13:58:22 2022
# Process ID: 8388
# Current directory: C:/Users/15623/Desktop/361 Final Project
# Command line: vivado.exe -gui_launcher_event rodinguilauncherevent9764 C:\Users\15623\Desktop\361 Final Project\FinalProject.xpr
# Log file: C:/Users/15623/Desktop/361 Final Project/vivado.log
# Journal file: C:/Users/15623/Desktop/361 Final Project\vivado.jou
#-----------------------------------------------------------
start_gui
open_project {C:/Users/15623/Desktop/361 Final Project/FinalProject.xpr}
Scanning sources...
Finished scanning sources
INFO: [IP_Flow 19-234] Refreshing IP repositories
INFO: [IP_Flow 19-1704] No user IP repositories specified
INFO: [IP_Flow 19-2313] Loaded Vivado IP repository 'C:/Xilinx/Vivado/2016.2/data/ip'.
update_compile_order -fileset sources_1
exit
INFO: [Common 17-206] Exiting Vivado at Thu Mar 24 13:58:34 2022...
date_compile_order -fileset sources_1
exit
INFO: [Common 17-206] Exiting Vivado at Thu Mar 24 13:58:48 2022...
